#
# There is insufficient memory for the Java Runtime Environment to continue.
# Native memory allocation (malloc) failed to allocate 1789616 bytes for Chunk::new
# Possible reasons:
#   The system is out of physical RAM or swap space
#   The process is running with CompressedOops enabled, and the Java Heap may be blocking the growth of the native heap
# Possible solutions:
#   Reduce memory load on the system
#   Increase physical memory or swap space
#   Check if swap backing store is full
#   Decrease Java heap size (-Xmx/-Xms)
#   Decrease number of Java threads
#   Decrease Java thread stack sizes (-Xss)
#   Set larger code cache with -XX:ReservedCodeCacheSize=
#   JVM is running with Zero Based Compressed Oops mode in which the Java heap is
#     placed in the first 32GB address space. The Java Heap base address is the
#     maximum limit for the native heap growth. Please use -XX:HeapBaseMinAddress
#     to set the Java Heap base and to place the Java Heap above 32GB virtual address.
# This output file may be truncated or incomplete.
#
#  Out of Memory Error (arena.cpp:191), pid=18172, tid=15348
#
# JRE version: OpenJDK Runtime Environment (17.0.9) (build 17.0.9+0--11185874)
# Java VM: OpenJDK 64-Bit Server VM (17.0.9+0--11185874, mixed mode, tiered, compressed oops, compressed class ptrs, g1 gc, windows-amd64)
# No core dump will be written. Minidumps are not enabled by default on client versions of Windows
#

---------------  S U M M A R Y ------------

Command Line: org.jetbrains.kotlin.cli.jvm.K2JVMCompiler @D:\Driver\app\build\20240610_10606016621869566557.compiler.options

Host: AMD Ryzen 5 5500U with Radeon Graphics         , 12 cores, 15G,  Windows 11 , 64 bit Build 22621 (10.0.22621.3527)
Time: Mon Jun 10 15:51:51 2024 India Standard Time elapsed time: 14.086044 seconds (0d 0h 0m 14s)

---------------  T H R E A D  ---------------

Current thread (0x0000014ec3604120):  JavaThread "C2 CompilerThread1" daemon [_thread_in_native, id=15348, stack(0x000000452dc00000,0x000000452dd00000)]


Current CompileTask:
C2:  14086 14125       4       org.jetbrains.kotlin.load.kotlin.TypeSignatureMappingKt::mapBuiltInType (339 bytes)

Stack: [0x000000452dc00000,0x000000452dd00000]
Native frames: (J=compiled Java code, j=interpreted, Vv=VM code, C=native code)
V  [jvm.dll+0x6886e9]
V  [jvm.dll+0x841e4a]
V  [jvm.dll+0x843a8e]
V  [jvm.dll+0x8440f3]
V  [jvm.dll+0x24c14f]
V  [jvm.dll+0xac44c]
V  [jvm.dll+0xaca9c]
V  [jvm.dll+0x36c1a2]
V  [jvm.dll+0x33651a]
V  [jvm.dll+0x3359ba]
V  [jvm.dll+0x21ddb1]
V  [jvm.dll+0x21d1d1]
V  [jvm.dll+0x1a674d]
V  [jvm.dll+0x22d088]
V  [jvm.dll+0x22b1c0]
V  [jvm.dll+0x7f62f7]
V  [jvm.dll+0x7f06aa]
V  [jvm.dll+0x687565]
C  [ucrtbase.dll+0x29333]
C  [KERNEL32.DLL+0x1257d]
C  [ntdll.dll+0x5aa48]


---------------  P R O C E S S  ---------------

Threads class SMR info:
_java_thread_list=0x0000014ec8b2bc30, length=14, elements={
0x0000014ea4977760, 0x0000014ec33a4260, 0x0000014ec33a5ef0, 0x0000014ec33d45a0,
0x0000014ec33d7e90, 0x0000014ec33d8850, 0x0000014ec33d9210, 0x0000014ec33da510,
0x0000014ec33dbf00, 0x0000014ec33f0bc0, 0x0000014ec3550b90, 0x0000014ec3551310,
0x0000014ec3604120, 0x0000014ec949aa40
}

Java Threads: ( => current thread )
  0x0000014ea4977760 JavaThread "main" [_thread_in_Java, id=3792, stack(0x000000452c900000,0x000000452ca00000)]
  0x0000014ec33a4260 JavaThread "Reference Handler" daemon [_thread_blocked, id=18124, stack(0x000000452d000000,0x000000452d100000)]
  0x0000014ec33a5ef0 JavaThread "Finalizer" daemon [_thread_blocked, id=2404, stack(0x000000452d100000,0x000000452d200000)]
  0x0000014ec33d45a0 JavaThread "Signal Dispatcher" daemon [_thread_blocked, id=12524, stack(0x000000452d200000,0x000000452d300000)]
  0x0000014ec33d7e90 JavaThread "Attach Listener" daemon [_thread_blocked, id=12072, stack(0x000000452d300000,0x000000452d400000)]
  0x0000014ec33d8850 JavaThread "Service Thread" daemon [_thread_blocked, id=15524, stack(0x000000452d400000,0x000000452d500000)]
  0x0000014ec33d9210 JavaThread "Monitor Deflation Thread" daemon [_thread_blocked, id=19340, stack(0x000000452d500000,0x000000452d600000)]
  0x0000014ec33da510 JavaThread "C2 CompilerThread0" daemon [_thread_in_native, id=4092, stack(0x000000452d600000,0x000000452d700000)]
  0x0000014ec33dbf00 JavaThread "C1 CompilerThread0" daemon [_thread_blocked, id=21284, stack(0x000000452d700000,0x000000452d800000)]
  0x0000014ec33f0bc0 JavaThread "Sweeper thread" daemon [_thread_blocked, id=3264, stack(0x000000452d800000,0x000000452d900000)]
  0x0000014ec3550b90 JavaThread "Notification Thread" daemon [_thread_blocked, id=8036, stack(0x000000452d900000,0x000000452da00000)]
  0x0000014ec3551310 JavaThread "Common-Cleaner" daemon [_thread_blocked, id=17392, stack(0x000000452db00000,0x000000452dc00000)]
=>0x0000014ec3604120 JavaThread "C2 CompilerThread1" daemon [_thread_in_native, id=15348, stack(0x000000452dc00000,0x000000452dd00000)]
  0x0000014ec949aa40 JavaThread "C2 CompilerThread2" daemon [_thread_in_native, id=14560, stack(0x000000452e600000,0x000000452e700000)]

Other Threads:
  0x0000014ec3205270 VMThread "VM Thread" [stack: 0x000000452cf00000,0x000000452d000000] [id=19788]
  0x0000014ec3551070 WatcherThread [stack: 0x000000452da00000,0x000000452db00000] [id=18780]
  0x0000014ea49e2a50 GCTaskThread "GC Thread#0" [stack: 0x000000452ca00000,0x000000452cb00000] [id=18668]
  0x0000014ec83359f0 GCTaskThread "GC Thread#1" [stack: 0x000000452dd00000,0x000000452de00000] [id=916]
  0x0000014ec8335cb0 GCTaskThread "GC Thread#2" [stack: 0x000000452de00000,0x000000452df00000] [id=5856]
  0x0000014ec8335f70 GCTaskThread "GC Thread#3" [stack: 0x000000452df00000,0x000000452e000000] [id=20684]
  0x0000014ec8336230 GCTaskThread "GC Thread#4" [stack: 0x000000452e000000,0x000000452e100000] [id=3768]
  0x0000014ec83a79a0 GCTaskThread "GC Thread#5" [stack: 0x000000452e100000,0x000000452e200000] [id=14360]
  0x0000014ec88bf4a0 GCTaskThread "GC Thread#6" [stack: 0x000000452e200000,0x000000452e300000] [id=19056]
  0x0000014ec86ac190 GCTaskThread "GC Thread#7" [stack: 0x000000452e300000,0x000000452e400000] [id=11056]
  0x0000014ec8bddb80 GCTaskThread "GC Thread#8" [stack: 0x000000452e700000,0x000000452e800000] [id=11128]
  0x0000014ec8afb330 GCTaskThread "GC Thread#9" [stack: 0x000000452e800000,0x000000452e900000] [id=5480]
  0x0000014ea49f2ee0 ConcurrentGCThread "G1 Main Marker" [stack: 0x000000452cb00000,0x000000452cc00000] [id=3108]
  0x0000014ea49f3900 ConcurrentGCThread "G1 Conc#0" [stack: 0x000000452cc00000,0x000000452cd00000] [id=2648]
  0x0000014ec88dcbd0 ConcurrentGCThread "G1 Conc#1" [stack: 0x000000452e400000,0x000000452e500000] [id=17308]
  0x0000014ec87f2500 ConcurrentGCThread "G1 Conc#2" [stack: 0x000000452e500000,0x000000452e600000] [id=6536]
  0x0000014ec30b2580 ConcurrentGCThread "G1 Refine#0" [stack: 0x000000452cd00000,0x000000452ce00000] [id=12476]
  0x0000014ecc69d5c0 ConcurrentGCThread "G1 Refine#1" [stack: 0x000000452e900000,0x000000452ea00000] [id=13032]
  0x0000014ec30b4c70 ConcurrentGCThread "G1 Service" [stack: 0x000000452ce00000,0x000000452cf00000] [id=6188]

Threads with active compile tasks:
C2 CompilerThread0    14095 14016       4       org.jetbrains.org.objectweb.asm.ClassReader::readCode (5089 bytes)
C2 CompilerThread1    14095 14125       4       org.jetbrains.kotlin.load.kotlin.TypeSignatureMappingKt::mapBuiltInType (339 bytes)
C2 CompilerThread2    14096 14083       4       org.jetbrains.kotlin.types.AbstractTypeMapper::mapType (561 bytes)

VM state: not at safepoint (normal execution)

VM Mutex/Monitor currently owned by a thread: None

Heap address: 0x000000070ac00000, size: 3924 MB, Compressed Oops mode: Zero based, Oop shift amount: 3

CDS archive(s) not mapped
Compressed class space mapped at: 0x0000000800000000-0x0000000840000000, reserved size: 1073741824
Narrow klass base: 0x0000000800000000, Narrow klass shift: 0, Narrow klass range: 0x40000000

GC Precious Log:
 CPUs: 12 total, 12 available
 Memory: 15694M
 Large Page Support: Disabled
 NUMA Support: Disabled
 Compressed Oops: Enabled (Zero based)
 Heap Region Size: 2M
 Heap Min Capacity: 8M
 Heap Initial Capacity: 246M
 Heap Max Capacity: 3924M
 Pre-touch: Disabled
 Parallel Workers: 10
 Concurrent Workers: 3
 Concurrent Refinement Workers: 10
 Periodic GC: Disabled

Heap:
 garbage-first heap   total 157696K, used 89897K [0x000000070ac00000, 0x0000000800000000)
  region size 2048K, 10 young (20480K), 2 survivors (4096K)
 Metaspace       used 83862K, committed 84160K, reserved 1179648K
  class space    used 9106K, committed 9280K, reserved 1048576K

Heap Regions: E=young(eden), S=young(survivor), O=old, HS=humongous(starts), HC=humongous(continues), CS=collection set, F=free, OA=open archive, CA=closed archive, TAMS=top-at-mark-start (previous, next)
|   0|0x000000070ac00000, 0x000000070ae00000, 0x000000070ae00000|100%|HS|  |TAMS 0x000000070ae00000, 0x000000070ac00000| Complete 
|   1|0x000000070ae00000, 0x000000070b000000, 0x000000070b000000|100%|HC|  |TAMS 0x000000070b000000, 0x000000070ae00000| Complete 
|   2|0x000000070b000000, 0x000000070b200000, 0x000000070b200000|100%| O|  |TAMS 0x000000070b200000, 0x000000070b000000| Untracked 
|   3|0x000000070b200000, 0x000000070b400000, 0x000000070b400000|100%| O|  |TAMS 0x000000070b400000, 0x000000070b200000| Untracked 
|   4|0x000000070b400000, 0x000000070b400000, 0x000000070b600000|  0%| F|  |TAMS 0x000000070b400000, 0x000000070b400000| Untracked 
|   5|0x000000070b600000, 0x000000070b800000, 0x000000070b800000|100%|HS|  |TAMS 0x000000070b800000, 0x000000070b600000| Complete 
|   6|0x000000070b800000, 0x000000070ba00000, 0x000000070ba00000|100%| O|  |TAMS 0x000000070ba00000, 0x000000070b800000| Untracked 
|   7|0x000000070ba00000, 0x000000070bc00000, 0x000000070bc00000|100%| O|  |TAMS 0x000000070bc00000, 0x000000070ba00000| Untracked 
|   8|0x000000070bc00000, 0x000000070be00000, 0x000000070be00000|100%| O|  |TAMS 0x000000070be00000, 0x000000070bc00000| Untracked 
|   9|0x000000070be00000, 0x000000070c000000, 0x000000070c000000|100%| O|  |TAMS 0x000000070c000000, 0x000000070be00000| Untracked 
|  10|0x000000070c000000, 0x000000070c200000, 0x000000070c200000|100%| O|  |TAMS 0x000000070c200000, 0x000000070c000000| Untracked 
|  11|0x000000070c200000, 0x000000070c400000, 0x000000070c400000|100%| O|  |TAMS 0x000000070c400000, 0x000000070c200000| Untracked 
|  12|0x000000070c400000, 0x000000070c600000, 0x000000070c600000|100%| O|  |TAMS 0x000000070c600000, 0x000000070c400000| Untracked 
|  13|0x000000070c600000, 0x000000070c800000, 0x000000070c800000|100%| O|  |TAMS 0x000000070c800000, 0x000000070c600000| Untracked 
|  14|0x000000070c800000, 0x000000070ca00000, 0x000000070ca00000|100%| O|  |TAMS 0x000000070ca00000, 0x000000070c800000| Untracked 
|  15|0x000000070ca00000, 0x000000070cc00000, 0x000000070cc00000|100%| O|  |TAMS 0x000000070cc00000, 0x000000070ca00000| Untracked 
|  16|0x000000070cc00000, 0x000000070ce00000, 0x000000070ce00000|100%| O|  |TAMS 0x000000070ce00000, 0x000000070cc00000| Untracked 
|  17|0x000000070ce00000, 0x000000070d000000, 0x000000070d000000|100%| O|  |TAMS 0x000000070d000000, 0x000000070ce00000| Untracked 
|  18|0x000000070d000000, 0x000000070d200000, 0x000000070d200000|100%| O|  |TAMS 0x000000070d200000, 0x000000070d000000| Untracked 
|  19|0x000000070d200000, 0x000000070d400000, 0x000000070d400000|100%| O|  |TAMS 0x000000070d400000, 0x000000070d200000| Untracked 
|  20|0x000000070d400000, 0x000000070d600000, 0x000000070d600000|100%| O|  |TAMS 0x000000070d600000, 0x000000070d400000| Untracked 
|  21|0x000000070d600000, 0x000000070d800000, 0x000000070d800000|100%| O|  |TAMS 0x000000070d800000, 0x000000070d600000| Untracked 
|  22|0x000000070d800000, 0x000000070da00000, 0x000000070da00000|100%| O|  |TAMS 0x000000070da00000, 0x000000070d800000| Untracked 
|  23|0x000000070da00000, 0x000000070dc00000, 0x000000070dc00000|100%| O|  |TAMS 0x000000070dc00000, 0x000000070da00000| Untracked 
|  24|0x000000070dc00000, 0x000000070de00000, 0x000000070de00000|100%| O|  |TAMS 0x000000070de00000, 0x000000070dc00000| Untracked 
|  25|0x000000070de00000, 0x000000070e000000, 0x000000070e000000|100%| O|  |TAMS 0x000000070e000000, 0x000000070de00000| Untracked 
|  26|0x000000070e000000, 0x000000070e200000, 0x000000070e200000|100%| O|  |TAMS 0x000000070e200000, 0x000000070e000000| Untracked 
|  27|0x000000070e200000, 0x000000070e400000, 0x000000070e400000|100%| O|  |TAMS 0x000000070e400000, 0x000000070e200000| Untracked 
|  28|0x000000070e400000, 0x000000070e600000, 0x000000070e600000|100%| O|  |TAMS 0x000000070e600000, 0x000000070e400000| Complete 
|  29|0x000000070e600000, 0x000000070e800000, 0x000000070e800000|100%| O|  |TAMS 0x000000070e800000, 0x000000070e600000| Untracked 
|  30|0x000000070e800000, 0x000000070ea00000, 0x000000070ea00000|100%| O|  |TAMS 0x000000070ea00000, 0x000000070e800000| Untracked 
|  31|0x000000070ea00000, 0x000000070ec00000, 0x000000070ec00000|100%| O|  |TAMS 0x000000070ec00000, 0x000000070ea00000| Untracked 
|  32|0x000000070ec00000, 0x000000070ee00000, 0x000000070ee00000|100%| O|  |TAMS 0x000000070ee00000, 0x000000070ec00000| Untracked 
|  33|0x000000070ee00000, 0x000000070f000000, 0x000000070f000000|100%| O|  |TAMS 0x000000070f000000, 0x000000070ee00000| Untracked 
|  34|0x000000070f000000, 0x000000070f200000, 0x000000070f200000|100%| O|  |TAMS 0x000000070f200000, 0x000000070f000000| Untracked 
|  35|0x000000070f200000, 0x000000070f400000, 0x000000070f400000|100%| O|  |TAMS 0x000000070f400000, 0x000000070f200000| Untracked 
|  36|0x000000070f400000, 0x000000070f483800, 0x000000070f600000| 25%| O|  |TAMS 0x000000070f483800, 0x000000070f400000| Untracked 
|  37|0x000000070f600000, 0x000000070f600000, 0x000000070f800000|  0%| F|  |TAMS 0x000000070f600000, 0x000000070f600000| Untracked 
|  38|0x000000070f800000, 0x000000070f800000, 0x000000070fa00000|  0%| F|  |TAMS 0x000000070f800000, 0x000000070f800000| Untracked 
|  39|0x000000070fa00000, 0x000000070fa00000, 0x000000070fc00000|  0%| F|  |TAMS 0x000000070fa00000, 0x000000070fa00000| Untracked 
|  40|0x000000070fc00000, 0x000000070fc00000, 0x000000070fe00000|  0%| F|  |TAMS 0x000000070fc00000, 0x000000070fc00000| Untracked 
|  41|0x000000070fe00000, 0x000000070fe00000, 0x0000000710000000|  0%| F|  |TAMS 0x000000070fe00000, 0x000000070fe00000| Untracked 
|  42|0x0000000710000000, 0x0000000710000000, 0x0000000710200000|  0%| F|  |TAMS 0x0000000710000000, 0x0000000710000000| Untracked 
|  43|0x0000000710200000, 0x0000000710200000, 0x0000000710400000|  0%| F|  |TAMS 0x0000000710200000, 0x0000000710200000| Untracked 
|  44|0x0000000710400000, 0x0000000710400000, 0x0000000710600000|  0%| F|  |TAMS 0x0000000710400000, 0x0000000710400000| Untracked 
|  45|0x0000000710600000, 0x0000000710600000, 0x0000000710800000|  0%| F|  |TAMS 0x0000000710600000, 0x0000000710600000| Untracked 
|  46|0x0000000710800000, 0x0000000710800000, 0x0000000710a00000|  0%| F|  |TAMS 0x0000000710800000, 0x0000000710800000| Untracked 
|  47|0x0000000710a00000, 0x0000000710a00000, 0x0000000710c00000|  0%| F|  |TAMS 0x0000000710a00000, 0x0000000710a00000| Untracked 
|  48|0x0000000710c00000, 0x0000000710c00000, 0x0000000710e00000|  0%| F|  |TAMS 0x0000000710c00000, 0x0000000710c00000| Untracked 
|  49|0x0000000710e00000, 0x0000000710e00000, 0x0000000711000000|  0%| F|  |TAMS 0x0000000710e00000, 0x0000000710e00000| Untracked 
|  50|0x0000000711000000, 0x0000000711146c30, 0x0000000711200000| 63%| S|CS|TAMS 0x0000000711000000, 0x0000000711000000| Complete 
|  51|0x0000000711200000, 0x0000000711400000, 0x0000000711400000|100%| S|CS|TAMS 0x0000000711200000, 0x0000000711200000| Complete 
|  52|0x0000000711400000, 0x0000000711400000, 0x0000000711600000|  0%| F|  |TAMS 0x0000000711400000, 0x0000000711400000| Untracked 
|  53|0x0000000711600000, 0x0000000711600000, 0x0000000711800000|  0%| F|  |TAMS 0x0000000711600000, 0x0000000711600000| Untracked 
|  54|0x0000000711800000, 0x0000000711800000, 0x0000000711a00000|  0%| F|  |TAMS 0x0000000711800000, 0x0000000711800000| Untracked 
|  55|0x0000000711a00000, 0x0000000711a00000, 0x0000000711c00000|  0%| F|  |TAMS 0x0000000711a00000, 0x0000000711a00000| Untracked 
|  56|0x0000000711c00000, 0x0000000711c00000, 0x0000000711e00000|  0%| F|  |TAMS 0x0000000711c00000, 0x0000000711c00000| Untracked 
|  57|0x0000000711e00000, 0x0000000711e00000, 0x0000000712000000|  0%| F|  |TAMS 0x0000000711e00000, 0x0000000711e00000| Untracked 
|  58|0x0000000712000000, 0x0000000712000000, 0x0000000712200000|  0%| F|  |TAMS 0x0000000712000000, 0x0000000712000000| Untracked 
|  59|0x0000000712200000, 0x0000000712200000, 0x0000000712400000|  0%| F|  |TAMS 0x0000000712200000, 0x0000000712200000| Untracked 
|  60|0x0000000712400000, 0x0000000712400000, 0x0000000712600000|  0%| F|  |TAMS 0x0000000712400000, 0x0000000712400000| Untracked 
|  61|0x0000000712600000, 0x0000000712600000, 0x0000000712800000|  0%| F|  |TAMS 0x0000000712600000, 0x0000000712600000| Untracked 
|  62|0x0000000712800000, 0x0000000712800000, 0x0000000712a00000|  0%| F|  |TAMS 0x0000000712800000, 0x0000000712800000| Untracked 
|  63|0x0000000712a00000, 0x0000000712a00000, 0x0000000712c00000|  0%| F|  |TAMS 0x0000000712a00000, 0x0000000712a00000| Untracked 
|  64|0x0000000712c00000, 0x0000000712c00000, 0x0000000712e00000|  0%| F|  |TAMS 0x0000000712c00000, 0x0000000712c00000| Untracked 
|  65|0x0000000712e00000, 0x0000000712e00000, 0x0000000713000000|  0%| F|  |TAMS 0x0000000712e00000, 0x0000000712e00000| Untracked 
|  66|0x0000000713000000, 0x0000000713000000, 0x0000000713200000|  0%| F|  |TAMS 0x0000000713000000, 0x0000000713000000| Untracked 
|  67|0x0000000713200000, 0x0000000713200000, 0x0000000713400000|  0%| F|  |TAMS 0x0000000713200000, 0x0000000713200000| Untracked 
|  68|0x0000000713400000, 0x0000000713400000, 0x0000000713600000|  0%| F|  |TAMS 0x0000000713400000, 0x0000000713400000| Untracked 
|  69|0x0000000713600000, 0x00000007137ff068, 0x0000000713800000| 99%| E|  |TAMS 0x0000000713600000, 0x0000000713600000| Complete 
|  70|0x0000000713800000, 0x0000000713a00000, 0x0000000713a00000|100%| E|CS|TAMS 0x0000000713800000, 0x0000000713800000| Complete 
|  71|0x0000000713a00000, 0x0000000713c00000, 0x0000000713c00000|100%| E|CS|TAMS 0x0000000713a00000, 0x0000000713a00000| Complete 
|  72|0x0000000713c00000, 0x0000000713e00000, 0x0000000713e00000|100%| E|CS|TAMS 0x0000000713c00000, 0x0000000713c00000| Complete 
|  73|0x0000000713e00000, 0x0000000714000000, 0x0000000714000000|100%| E|CS|TAMS 0x0000000713e00000, 0x0000000713e00000| Complete 
|  74|0x0000000714000000, 0x0000000714200000, 0x0000000714200000|100%| E|CS|TAMS 0x0000000714000000, 0x0000000714000000| Complete 
|  75|0x0000000714200000, 0x0000000714400000, 0x0000000714400000|100%| E|CS|TAMS 0x0000000714200000, 0x0000000714200000| Complete 
| 122|0x000000071a000000, 0x000000071a200000, 0x000000071a200000|100%| E|CS|TAMS 0x000000071a000000, 0x000000071a000000| Complete 

Card table byte_map: [0x0000014eb7b50000,0x0000014eb8300000] _byte_map_base: 0x0000014eb42fa000

Marking Bits (Prev, Next): (CMBitMap*) 0x0000014ea49e3070, (CMBitMap*) 0x0000014ea49e30b0
 Prev Bits: [0x0000014eb8ab0000, 0x0000014ebc800000)
 Next Bits: [0x0000014ebc800000, 0x0000014ec0550000)

Polling page: 0x0000014ea2900000

Metaspace:

Usage:
  Non-class:     73.00 MB used.
      Class:      8.89 MB used.
       Both:     81.90 MB used.

Virtual space:
  Non-class space:      128.00 MB reserved,      73.12 MB ( 57%) committed,  2 nodes.
      Class space:        1.00 GB reserved,       9.06 MB ( <1%) committed,  1 nodes.
             Both:        1.12 GB reserved,      82.19 MB (  7%) committed. 

Chunk freelists:
   Non-Class:  6.81 MB
       Class:  6.98 MB
        Both:  13.80 MB

MaxMetaspaceSize: unlimited
CompressedClassSpaceSize: 1.00 GB
Initial GC threshold: 21.00 MB
Current GC threshold: 136.38 MB
CDS: off
MetaspaceReclaimPolicy: balanced
 - commit_granule_bytes: 65536.
 - commit_granule_words: 8192.
 - virtual_space_node_default_size: 8388608.
 - enlarge_chunks_in_place: 1.
 - new_chunks_are_fully_committed: 0.
 - uncommit_free_chunks: 1.
 - use_allocation_guard: 0.
 - handle_deallocations: 1.


Internal statistics:

num_allocs_failed_limit: 9.
num_arena_births: 300.
num_arena_deaths: 0.
num_vsnodes_births: 3.
num_vsnodes_deaths: 0.
num_space_committed: 1313.
num_space_uncommitted: 0.
num_chunks_returned_to_freelist: 9.
num_chunks_taken_from_freelist: 2972.
num_chunk_merges: 9.
num_chunk_splits: 2479.
num_chunks_enlarged: 2252.
num_inconsistent_stats: 0.

CodeHeap 'non-profiled nmethods': size=120000Kb used=6588Kb max_used=6588Kb free=113412Kb
 bounds [0x0000014eaf920000, 0x0000014eaff90000, 0x0000014eb6e50000]
CodeHeap 'profiled nmethods': size=120000Kb used=36958Kb max_used=36958Kb free=83041Kb
 bounds [0x0000014ea7e50000, 0x0000014eaa270000, 0x0000014eaf380000]
CodeHeap 'non-nmethods': size=5760Kb used=1413Kb max_used=1475Kb free=4346Kb
 bounds [0x0000014eaf380000, 0x0000014eaf5f0000, 0x0000014eaf920000]
 total_blobs=12836 nmethods=12095 adapters=650
 compilation: enabled
              stopped_count=0, restarted_count=0
 full_count=0

Compilation events (20 events):
Event: 14.067 Thread 0x0000014ec33dbf00 nmethod 14390 0x0000014eaa244790 code [0x0000014eaa244960, 0x0000014eaa244c98]
Event: 14.067 Thread 0x0000014ec33dbf00 14391       2       org.jetbrains.kotlin.resolve.jvm.JvmClassName::getPackageFqName (52 bytes)
Event: 14.067 Thread 0x0000014ec33dbf00 nmethod 14391 0x0000014eaa244e90 code [0x0000014eaa245060, 0x0000014eaa2452f8]
Event: 14.067 Thread 0x0000014ec33dbf00 14388       2       org.jetbrains.kotlin.codegen.StackValue::coerce (434 bytes)
Event: 14.069 Thread 0x0000014ec33dbf00 nmethod 14388 0x0000014eaa245510 code [0x0000014eaa245aa0, 0x0000014eaa247078]
Event: 14.069 Thread 0x0000014ec33dbf00 14393 %     3       org.jetbrains.kotlin.codegen.optimization.temporaryVals.TemporaryValsAnalyzer::analyze @ 180 (1263 bytes)
Event: 14.082 Thread 0x0000014ec33dbf00 nmethod 14393% 0x0000014eaa247d90 code [0x0000014eaa249120, 0x0000014eaa257858]
Event: 14.083 Thread 0x0000014ec33dbf00 14397       2       org.jetbrains.kotlin.types.TypeUtils::getDefaultTypeProjections (86 bytes)
Event: 14.083 Thread 0x0000014ec33dbf00 nmethod 14397 0x0000014eaa25ce90 code [0x0000014eaa25d0e0, 0x0000014eaa25d7b8]
Event: 14.083 Thread 0x0000014ec33dbf00 14400       2       org.jetbrains.kotlin.codegen.inline.InlineCodegenUtilsKt::isBeforeSuspendMarker (13 bytes)
Event: 14.084 Thread 0x0000014ec33dbf00 nmethod 14400 0x0000014eaa25db90 code [0x0000014eaa25dd60, 0x0000014eaa25e008]
Event: 14.084 Thread 0x0000014ec33dbf00 14399       1       org.jetbrains.kotlin.codegen.inline.MethodInliner::access$isInlineOnlyMethod$p (5 bytes)
Event: 14.084 Thread 0x0000014ec33dbf00 nmethod 14399 0x0000014eaff8e110 code [0x0000014eaff8e2a0, 0x0000014eaff8e358]
Event: 14.084 Thread 0x0000014ec33dbf00 14395       2       org.jetbrains.org.objectweb.asm.tree.analysis.SourceInterpreter::newValue (6 bytes)
Event: 14.084 Thread 0x0000014ec33dbf00 nmethod 14395 0x0000014eaa25e210 code [0x0000014eaa25e3c0, 0x0000014eaa25e688]
Event: 14.084 Thread 0x0000014ec33dbf00 14396       2       org.jetbrains.org.objectweb.asm.tree.analysis.SourceInterpreter::newValue (29 bytes)
Event: 14.084 Thread 0x0000014ec33dbf00 nmethod 14396 0x0000014eaa25e810 code [0x0000014eaa25e9c0, 0x0000014eaa25ec88]
Event: 14.084 Thread 0x0000014ec33dbf00 14394       2       org.jetbrains.org.objectweb.asm.tree.analysis.Interpreter::newParameterValue (6 bytes)
Event: 14.084 Thread 0x0000014ec33dbf00 nmethod 14394 0x0000014eaa25ed90 code [0x0000014eaa25ef20, 0x0000014eaa25f048]
Event: 14.084 Thread 0x0000014ec33dbf00 14392       2       org.jetbrains.org.objectweb.asm.commons.InstructionAdapter::visitJumpInsn (357 bytes)

GC Heap History (20 events):
Event: 8.093 GC heap before
{Heap before GC invocations=17 (full 0):
 garbage-first heap   total 124928K, used 90498K [0x000000070ac00000, 0x0000000800000000)
  region size 2048K, 23 young (47104K), 2 survivors (4096K)
 Metaspace       used 60038K, committed 60288K, reserved 1114112K
  class space    used 6964K, committed 7104K, reserved 1048576K
}
Event: 8.108 GC heap after
{Heap after GC invocations=18 (full 0):
 garbage-first heap   total 124928K, used 53727K [0x000000070ac00000, 0x0000000800000000)
  region size 2048K, 3 young (6144K), 3 survivors (6144K)
 Metaspace       used 60038K, committed 60288K, reserved 1114112K
  class space    used 6964K, committed 7104K, reserved 1048576K
}
Event: 8.190 GC heap before
{Heap before GC invocations=18 (full 0):
 garbage-first heap   total 124928K, used 55775K [0x000000070ac00000, 0x0000000800000000)
  region size 2048K, 5 young (10240K), 3 survivors (6144K)
 Metaspace       used 60137K, committed 60416K, reserved 1114112K
  class space    used 6965K, committed 7104K, reserved 1048576K
}
Event: 8.203 GC heap after
{Heap after GC invocations=19 (full 0):
 garbage-first heap   total 124928K, used 54227K [0x000000070ac00000, 0x0000000800000000)
  region size 2048K, 1 young (2048K), 1 survivors (2048K)
 Metaspace       used 60137K, committed 60416K, reserved 1114112K
  class space    used 6965K, committed 7104K, reserved 1048576K
}
Event: 9.514 GC heap before
{Heap before GC invocations=20 (full 0):
 garbage-first heap   total 124928K, used 89043K [0x000000070ac00000, 0x0000000800000000)
  region size 2048K, 18 young (36864K), 1 survivors (2048K)
 Metaspace       used 61059K, committed 61376K, reserved 1114112K
  class space    used 7008K, committed 7168K, reserved 1048576K
}
Event: 9.524 GC heap after
{Heap after GC invocations=21 (full 0):
 garbage-first heap   total 124928K, used 57862K [0x000000070ac00000, 0x0000000800000000)
  region size 2048K, 3 young (6144K), 3 survivors (6144K)
 Metaspace       used 61059K, committed 61376K, reserved 1114112K
  class space    used 7008K, committed 7168K, reserved 1048576K
}
Event: 10.281 GC heap before
{Heap before GC invocations=21 (full 0):
 garbage-first heap   total 124928K, used 88582K [0x000000070ac00000, 0x0000000800000000)
  region size 2048K, 19 young (38912K), 3 survivors (6144K)
 Metaspace       used 64682K, committed 64960K, reserved 1114112K
  class space    used 7356K, committed 7488K, reserved 1048576K
}
Event: 10.292 GC heap after
{Heap after GC invocations=22 (full 0):
 garbage-first heap   total 124928K, used 60873K [0x000000070ac00000, 0x0000000800000000)
  region size 2048K, 2 young (4096K), 2 survivors (4096K)
 Metaspace       used 64682K, committed 64960K, reserved 1114112K
  class space    used 7356K, committed 7488K, reserved 1048576K
}
Event: 11.087 GC heap before
{Heap before GC invocations=22 (full 0):
 garbage-first heap   total 124928K, used 93641K [0x000000070ac00000, 0x0000000800000000)
  region size 2048K, 18 young (36864K), 2 survivors (4096K)
 Metaspace       used 68432K, committed 68736K, reserved 1114112K
  class space    used 7702K, committed 7872K, reserved 1048576K
}
Event: 11.100 GC heap after
{Heap after GC invocations=23 (full 0):
 garbage-first heap   total 124928K, used 64188K [0x000000070ac00000, 0x0000000800000000)
  region size 2048K, 3 young (6144K), 3 survivors (6144K)
 Metaspace       used 68432K, committed 68736K, reserved 1114112K
  class space    used 7702K, committed 7872K, reserved 1048576K
}
Event: 11.955 GC heap before
{Heap before GC invocations=24 (full 0):
 garbage-first heap   total 124928K, used 94908K [0x000000070ac00000, 0x0000000800000000)
  region size 2048K, 19 young (38912K), 3 survivors (6144K)
 Metaspace       used 74335K, committed 74624K, reserved 1179648K
  class space    used 8273K, committed 8448K, reserved 1048576K
}
Event: 11.971 GC heap after
{Heap after GC invocations=25 (full 0):
 garbage-first heap   total 124928K, used 67818K [0x000000070ac00000, 0x0000000800000000)
  region size 2048K, 2 young (4096K), 2 survivors (4096K)
 Metaspace       used 74335K, committed 74624K, reserved 1179648K
  class space    used 8273K, committed 8448K, reserved 1048576K
}
Event: 12.421 GC heap before
{Heap before GC invocations=25 (full 0):
 garbage-first heap   total 124928K, used 94442K [0x000000070ac00000, 0x0000000800000000)
  region size 2048K, 16 young (32768K), 2 survivors (4096K)
 Metaspace       used 77340K, committed 77568K, reserved 1179648K
  class space    used 8580K, committed 8704K, reserved 1048576K
}
Event: 12.433 GC heap after
{Heap after GC invocations=26 (full 0):
 garbage-first heap   total 124928K, used 71784K [0x000000070ac00000, 0x0000000800000000)
  region size 2048K, 2 young (4096K), 2 survivors (4096K)
 Metaspace       used 77340K, committed 77568K, reserved 1179648K
  class space    used 8580K, committed 8704K, reserved 1048576K
}
Event: 12.801 GC heap before
{Heap before GC invocations=27 (full 0):
 garbage-first heap   total 131072K, used 96360K [0x000000070ac00000, 0x0000000800000000)
  region size 2048K, 14 young (28672K), 2 survivors (4096K)
 Metaspace       used 78714K, committed 78976K, reserved 1179648K
  class space    used 8712K, committed 8832K, reserved 1048576K
}
Event: 12.807 GC heap after
{Heap after GC invocations=28 (full 0):
 garbage-first heap   total 131072K, used 73084K [0x000000070ac00000, 0x0000000800000000)
  region size 2048K, 1 young (2048K), 1 survivors (2048K)
 Metaspace       used 78714K, committed 78976K, reserved 1179648K
  class space    used 8712K, committed 8832K, reserved 1048576K
}
Event: 12.850 GC heap before
{Heap before GC invocations=28 (full 0):
 garbage-first heap   total 131072K, used 77180K [0x000000070ac00000, 0x0000000800000000)
  region size 2048K, 3 young (6144K), 1 survivors (2048K)
 Metaspace       used 78749K, committed 79040K, reserved 1179648K
  class space    used 8714K, committed 8896K, reserved 1048576K
}
Event: 12.855 GC heap after
{Heap after GC invocations=29 (full 0):
 garbage-first heap   total 157696K, used 73051K [0x000000070ac00000, 0x0000000800000000)
  region size 2048K, 1 young (2048K), 1 survivors (2048K)
 Metaspace       used 78749K, committed 79040K, reserved 1179648K
  class space    used 8714K, committed 8896K, reserved 1048576K
}
Event: 13.793 GC heap before
{Heap before GC invocations=29 (full 0):
 garbage-first heap   total 157696K, used 120155K [0x000000070ac00000, 0x0000000800000000)
  region size 2048K, 25 young (51200K), 1 survivors (2048K)
 Metaspace       used 83427K, committed 83712K, reserved 1179648K
  class space    used 9092K, committed 9216K, reserved 1048576K
}
Event: 13.800 GC heap after
{Heap after GC invocations=30 (full 0):
 garbage-first heap   total 157696K, used 75561K [0x000000070ac00000, 0x0000000800000000)
  region size 2048K, 2 young (4096K), 2 survivors (4096K)
 Metaspace       used 83427K, committed 83712K, reserved 1179648K
  class space    used 9092K, committed 9216K, reserved 1048576K
}

Dll operation events (2 events):
Event: 0.006 Loaded shared library D:\Android\jbr\bin\java.dll
Event: 0.797 Loaded shared library D:\Android\jbr\bin\verify.dll

Deoptimization events (20 events):
Event: 14.028 Thread 0x0000014ea4977760 Uncommon trap: trap_request=0xffffffde fr.pc=0x0000014eafce5b0c relative=0x0000000000000e4c
Event: 14.028 Thread 0x0000014ea4977760 Uncommon trap: reason=class_check action=maybe_recompile pc=0x0000014eafce5b0c method=org.jetbrains.kotlin.load.java.lazy.descriptors.LazyJavaScope.getContributedVariables(Lorg/jetbrains/kotlin/name/Name;Lorg/jetbrains/kotlin/incremental/components/Lookup
Event: 14.028 Thread 0x0000014ea4977760 DEOPT PACKING pc=0x0000014eafce5b0c sp=0x000000452c9fd1a0
Event: 14.028 Thread 0x0000014ea4977760 DEOPT UNPACKING pc=0x0000014eaf3d69a3 sp=0x000000452c9fd148 mode 2
Event: 14.028 Thread 0x0000014ea4977760 Uncommon trap: trap_request=0xffffffde fr.pc=0x0000014eafce5b0c relative=0x0000000000000e4c
Event: 14.028 Thread 0x0000014ea4977760 Uncommon trap: reason=class_check action=maybe_recompile pc=0x0000014eafce5b0c method=org.jetbrains.kotlin.load.java.lazy.descriptors.LazyJavaScope.getContributedVariables(Lorg/jetbrains/kotlin/name/Name;Lorg/jetbrains/kotlin/incremental/components/Lookup
Event: 14.028 Thread 0x0000014ea4977760 DEOPT PACKING pc=0x0000014eafce5b0c sp=0x000000452c9fd1a0
Event: 14.028 Thread 0x0000014ea4977760 DEOPT UNPACKING pc=0x0000014eaf3d69a3 sp=0x000000452c9fd148 mode 2
Event: 14.028 Thread 0x0000014ea4977760 Uncommon trap: trap_request=0xffffffde fr.pc=0x0000014eafce5b0c relative=0x0000000000000e4c
Event: 14.028 Thread 0x0000014ea4977760 Uncommon trap: reason=class_check action=maybe_recompile pc=0x0000014eafce5b0c method=org.jetbrains.kotlin.load.java.lazy.descriptors.LazyJavaScope.getContributedVariables(Lorg/jetbrains/kotlin/name/Name;Lorg/jetbrains/kotlin/incremental/components/Lookup
Event: 14.028 Thread 0x0000014ea4977760 DEOPT PACKING pc=0x0000014eafce5b0c sp=0x000000452c9fd1a0
Event: 14.028 Thread 0x0000014ea4977760 DEOPT UNPACKING pc=0x0000014eaf3d69a3 sp=0x000000452c9fd148 mode 2
Event: 14.028 Thread 0x0000014ea4977760 Uncommon trap: trap_request=0xffffffde fr.pc=0x0000014eafce5b0c relative=0x0000000000000e4c
Event: 14.028 Thread 0x0000014ea4977760 Uncommon trap: reason=class_check action=maybe_recompile pc=0x0000014eafce5b0c method=org.jetbrains.kotlin.load.java.lazy.descriptors.LazyJavaScope.getContributedVariables(Lorg/jetbrains/kotlin/name/Name;Lorg/jetbrains/kotlin/incremental/components/Lookup
Event: 14.028 Thread 0x0000014ea4977760 DEOPT PACKING pc=0x0000014eafce5b0c sp=0x000000452c9fd1a0
Event: 14.028 Thread 0x0000014ea4977760 DEOPT UNPACKING pc=0x0000014eaf3d69a3 sp=0x000000452c9fd148 mode 2
Event: 14.065 Thread 0x0000014ea4977760 Uncommon trap: trap_request=0xffffffc6 fr.pc=0x0000014eafecff0c relative=0x0000000000000d6c
Event: 14.065 Thread 0x0000014ea4977760 Uncommon trap: reason=bimorphic_or_optimized_type_check action=maybe_recompile pc=0x0000014eafecff0c method=org.jetbrains.kotlin.storage.LockBasedStorageManager$MapBasedMemoizedFunction.invoke(Ljava/lang/Object;)Ljava/lang/Object; @ 34 c2
Event: 14.065 Thread 0x0000014ea4977760 DEOPT PACKING pc=0x0000014eafecff0c sp=0x000000452c9fd840
Event: 14.065 Thread 0x0000014ea4977760 DEOPT UNPACKING pc=0x0000014eaf3d69a3 sp=0x000000452c9fd7f0 mode 2

Classes unloaded (0 events):
No events

Classes redefined (0 events):
No events

Internal exceptions (20 events):
Event: 5.810 Thread 0x0000014ea4977760 Exception <a 'java/lang/NoSuchMethodError'{0x000000070ff4b140}: 'java.lang.Object java.lang.invoke.DirectMethodHandle$Holder.newInvokeSpecial(java.lang.Object, java.lang.Object, java.lang.Object, java.lang.Object, java.lang.Object, java.lang.Object, java.lang.Object)'> (0x000000070ff4b140) 
thrown [s\src\hotspot\share\interpreter\linkResolver.cpp, line 771]
Event: 5.810 Thread 0x0000014ea4977760 Exception <a 'java/lang/NoSuchMethodError'{0x000000070ff4fa50}: 'java.lang.Object java.lang.invoke.Invokers$Holder.linkToTargetMethod(java.lang.Object, java.lang.Object, java.lang.Object, java.lang.Object, java.lang.Object, java.lang.Object, java.lang.Object)'> (0x000000070ff4fa50) 
thrown [s\src\hotspot\share\interpreter\linkResolver.cpp, line 771]
Event: 5.985 Thread 0x0000014ea4977760 Exception <a 'java/lang/NoSuchMethodError'{0x000000070f99c600}: 'java.lang.Object java.lang.invoke.DirectMethodHandle$Holder.invokeStatic(java.lang.Object, java.lang.Object, java.lang.Object, java.lang.Object, int)'> (0x000000070f99c600) 
thrown [s\src\hotspot\share\interpreter\linkResolver.cpp, line 771]
Event: 5.986 Thread 0x0000014ea4977760 Exception <a 'java/lang/NoSuchMethodError'{0x000000070f9a62e8}: 'java.lang.Object java.lang.invoke.DirectMethodHandle$Holder.newInvokeSpecial(java.lang.Object, java.lang.Object, java.lang.Object, java.lang.Object, int)'> (0x000000070f9a62e8) 
thrown [s\src\hotspot\share\interpreter\linkResolver.cpp, line 771]
Event: 5.987 Thread 0x0000014ea4977760 Exception <a 'java/lang/NoSuchMethodError'{0x000000070f9ae3b8}: 'java.lang.Object java.lang.invoke.Invokers$Holder.linkToTargetMethod(java.lang.Object, java.lang.Object, java.lang.Object, int, java.lang.Object)'> (0x000000070f9ae3b8) 
thrown [s\src\hotspot\share\interpreter\linkResolver.cpp, line 771]
Event: 6.044 Thread 0x0000014ea4977760 Exception <a 'java/lang/NoSuchMethodError'{0x000000070f759730}: 'void java.lang.invoke.DirectMethodHandle$Holder.invokeInterface(java.lang.Object, java.lang.Object)'> (0x000000070f759730) 
thrown [s\src\hotspot\share\interpreter\linkResolver.cpp, line 771]
Event: 6.117 Thread 0x0000014ea4977760 Exception <a 'java/lang/IncompatibleClassChangeError'{0x000000070f560ac8}: Found class java.lang.Object, but interface was expected> (0x000000070f560ac8) 
thrown [s\src\hotspot\share\interpreter\linkResolver.cpp, line 838]
Event: 6.974 Thread 0x0000014ea4977760 Implicit null exception at 0x0000014eafbb5bbc to 0x0000014eafbb6914
Event: 7.198 Thread 0x0000014ea4977760 Exception <a 'java/lang/NoSuchMethodError'{0x0000000710f01660}: 'java.lang.Object java.lang.invoke.DirectMethodHandle$Holder.newInvokeSpecial(java.lang.Object, int, java.lang.Object, java.lang.Object)'> (0x0000000710f01660) 
thrown [s\src\hotspot\share\interpreter\linkResolver.cpp, line 771]
Event: 8.521 Thread 0x0000014ea4977760 Exception <a 'java/lang/NoSuchMethodError'{0x0000000711bc0590}: 'java.lang.Object java.lang.invoke.DirectMethodHandle$Holder.invokeStatic(java.lang.Object, int, java.lang.Object)'> (0x0000000711bc0590) 
thrown [s\src\hotspot\share\interpreter\linkResolver.cpp, line 771]
Event: 10.010 Thread 0x0000014ea4977760 Implicit null exception at 0x0000014eafcf0356 to 0x0000014eafcf06c4
Event: 10.011 Thread 0x0000014ea4977760 Implicit null exception at 0x0000014eafb9995b to 0x0000014eafb99c38
Event: 10.079 Thread 0x0000014ea4977760 Implicit null exception at 0x0000014eafd864b3 to 0x0000014eafd86614
Event: 10.122 Thread 0x0000014ea4977760 Exception <a 'java/lang/NoSuchMethodError'{0x0000000710ea9590}: 'java.lang.Object java.lang.invoke.DirectMethodHandle$Holder.invokeStaticInit(java.lang.Object, java.lang.Object, java.lang.Object, java.lang.Object)'> (0x0000000710ea9590) 
thrown [s\src\hotspot\share\interpreter\linkResolver.cpp, line 771]
Event: 10.413 Thread 0x0000014ea4977760 Exception <a 'java/lang/NoSuchMethodError'{0x00000007121fcd28}: 'java.lang.Object java.lang.invoke.DirectMethodHandle$Holder.newInvokeSpecial(java.lang.Object, java.lang.Object, java.lang.Object, int, int)'> (0x00000007121fcd28) 
thrown [s\src\hotspot\share\interpreter\linkResolver.cpp, line 771]
Event: 10.414 Thread 0x0000014ea4977760 Exception <a 'java/lang/NoSuchMethodError'{0x0000000711e01130}: 'java.lang.Object java.lang.invoke.DirectMethodHandle$Holder.invokeSpecial(java.lang.Object, java.lang.Object, java.lang.Object, java.lang.Object, int, int)'> (0x0000000711e01130) 
thrown [s\src\hotspot\share\interpreter\linkResolver.cpp, line 771]
Event: 10.469 Thread 0x0000014ea4977760 Exception <a 'java/lang/NoSuchMethodError'{0x0000000711c09a08}: 'java.lang.Object java.lang.invoke.DirectMethodHandle$Holder.invokeSpecial(java.lang.Object, java.lang.Object, int, int, java.lang.Object, java.lang.Object, java.lang.Object, java.lang.Object, java.lang.Object)'> (0x0000000711c09a08) 
thrown [s\src\hotspot\share\interpreter\linkResolver.cpp, line 771]
Event: 10.492 Thread 0x0000014ea4977760 Implicit null exception at 0x0000014eaf9f0a13 to 0x0000014eaf9f0ea8
Event: 12.629 Thread 0x0000014ea4977760 Implicit null exception at 0x0000014eafd80ab5 to 0x0000014eafd80cd6
Event: 12.666 Thread 0x0000014ea4977760 Implicit null exception at 0x0000014eafa919d2 to 0x0000014eafa91a79

VM Operations (20 events):
Event: 13.512 Executing VM operation: HandshakeAllThreads
Event: 13.513 Executing VM operation: HandshakeAllThreads done
Event: 13.603 Executing VM operation: ICBufferFull
Event: 13.604 Executing VM operation: ICBufferFull done
Event: 13.689 Executing VM operation: HandshakeAllThreads
Event: 13.689 Executing VM operation: HandshakeAllThreads done
Event: 13.755 Executing VM operation: HandshakeAllThreads
Event: 13.755 Executing VM operation: HandshakeAllThreads done
Event: 13.758 Executing VM operation: HandshakeAllThreads
Event: 13.758 Executing VM operation: HandshakeAllThreads done
Event: 13.758 Executing VM operation: HandshakeAllThreads
Event: 13.758 Executing VM operation: HandshakeAllThreads done
Event: 13.768 Executing VM operation: ICBufferFull
Event: 13.768 Executing VM operation: ICBufferFull done
Event: 13.793 Executing VM operation: G1CollectForAllocation
Event: 13.800 Executing VM operation: G1CollectForAllocation done
Event: 13.859 Executing VM operation: G1PauseRemark
Event: 13.872 Executing VM operation: G1PauseRemark done
Event: 13.898 Executing VM operation: G1PauseCleanup
Event: 13.899 Executing VM operation: G1PauseCleanup done

Events (20 events):
Event: 13.802 Thread 0x0000014ec33f0bc0 flushing nmethod 0x0000014ea9bbc210
Event: 13.802 Thread 0x0000014ec33f0bc0 flushing nmethod 0x0000014ea9bce590
Event: 13.802 Thread 0x0000014ec33f0bc0 flushing nmethod 0x0000014ea9bdc110
Event: 13.802 Thread 0x0000014ec33f0bc0 flushing nmethod 0x0000014ea9c15e10
Event: 13.802 Thread 0x0000014ec33f0bc0 flushing nmethod 0x0000014ea9c19410
Event: 13.802 Thread 0x0000014ec33f0bc0 flushing nmethod 0x0000014ea9c24b10
Event: 13.802 Thread 0x0000014ec33f0bc0 flushing nmethod 0x0000014ea9c2d310
Event: 13.802 Thread 0x0000014ec33f0bc0 flushing nmethod 0x0000014ea9c3ec90
Event: 13.802 Thread 0x0000014ec33f0bc0 flushing nmethod 0x0000014ea9c40810
Event: 13.803 Thread 0x0000014ec33f0bc0 flushing nmethod 0x0000014ea9c94e90
Event: 13.803 Thread 0x0000014ec33f0bc0 flushing nmethod 0x0000014ea9c9a890
Event: 13.803 Thread 0x0000014ec33f0bc0 flushing nmethod 0x0000014ea9c9f210
Event: 13.803 Thread 0x0000014ec33f0bc0 flushing nmethod 0x0000014ea9cbe890
Event: 13.803 Thread 0x0000014ec33f0bc0 flushing nmethod 0x0000014ea9cbed10
Event: 13.803 Thread 0x0000014ec33f0bc0 flushing nmethod 0x0000014ea9cc1710
Event: 13.803 Thread 0x0000014ec33f0bc0 flushing nmethod 0x0000014ea9cc4d10
Event: 13.803 Thread 0x0000014ec33f0bc0 flushing nmethod 0x0000014ea9cc8b10
Event: 13.803 Thread 0x0000014ec33f0bc0 flushing nmethod 0x0000014ea9d4c210
Event: 13.840 loading class java/util/regex/Pattern$Dollar
Event: 13.841 loading class java/util/regex/Pattern$Dollar done


Dynamic libraries:
0x00007ff60bdb0000 - 0x00007ff60bdba000 	D:\Android\jbr\bin\java.exe
0x00007ff926db0000 - 0x00007ff926fc7000 	C:\windows\SYSTEM32\ntdll.dll
0x00007ff925eb0000 - 0x00007ff925f74000 	C:\windows\System32\KERNEL32.DLL
0x00007ff924610000 - 0x00007ff9249b7000 	C:\windows\System32\KERNELBASE.dll
0x00007ff924380000 - 0x00007ff924491000 	C:\windows\System32\ucrtbase.dll
0x00007ff8e5ed0000 - 0x00007ff8e5ee7000 	D:\Android\jbr\bin\jli.dll
0x00007ff913070000 - 0x00007ff91308b000 	D:\Android\jbr\bin\VCRUNTIME140.dll
0x00007ff925d00000 - 0x00007ff925eae000 	C:\windows\System32\USER32.dll
0x00007ff924350000 - 0x00007ff924376000 	C:\windows\System32\win32u.dll
0x00007ff926620000 - 0x00007ff926649000 	C:\windows\System32\GDI32.dll
0x00007ff924230000 - 0x00007ff924349000 	C:\windows\System32\gdi32full.dll
0x00007ff924a40000 - 0x00007ff924ada000 	C:\windows\System32\msvcp_win.dll
0x00007ff90b760000 - 0x00007ff90b9f3000 	C:\windows\WinSxS\amd64_microsoft.windows.common-controls_6595b64144ccf1df_6.0.22621.3527_none_270e469b73872a76\COMCTL32.dll
0x00007ff924ae0000 - 0x00007ff924b87000 	C:\windows\System32\msvcrt.dll
0x00007ff925050000 - 0x00007ff925081000 	C:\windows\System32\IMM32.DLL
0x00007ff91d310000 - 0x00007ff91d31c000 	D:\Android\jbr\bin\vcruntime140_1.dll
0x00007ff8e70c0000 - 0x00007ff8e714d000 	D:\Android\jbr\bin\msvcp140.dll
0x00007ff8ac780000 - 0x00007ff8ad403000 	D:\Android\jbr\bin\server\jvm.dll
0x00007ff926560000 - 0x00007ff926612000 	C:\windows\System32\ADVAPI32.dll
0x00007ff926750000 - 0x00007ff9267f8000 	C:\windows\System32\sechost.dll
0x00007ff924200000 - 0x00007ff924228000 	C:\windows\System32\bcrypt.dll
0x00007ff924e40000 - 0x00007ff924f55000 	C:\windows\System32\RPCRT4.dll
0x00007ff923de0000 - 0x00007ff923e2d000 	C:\windows\SYSTEM32\POWRPROF.dll
0x00007ff91b550000 - 0x00007ff91b55a000 	C:\windows\SYSTEM32\VERSION.dll
0x00007ff91a940000 - 0x00007ff91a974000 	C:\windows\SYSTEM32\WINMM.dll
0x00007ff916210000 - 0x00007ff916219000 	C:\windows\SYSTEM32\WSOCK32.dll
0x00007ff924f70000 - 0x00007ff924fe1000 	C:\windows\System32\WS2_32.dll
0x00007ff923d10000 - 0x00007ff923d23000 	C:\windows\SYSTEM32\UMPDC.dll
0x00007ff9230f0000 - 0x00007ff923108000 	C:\windows\SYSTEM32\kernel.appcore.dll
0x00007ff916200000 - 0x00007ff91620a000 	D:\Android\jbr\bin\jimage.dll
0x00007ff916ca0000 - 0x00007ff916ed2000 	C:\windows\SYSTEM32\DBGHELP.DLL
0x00007ff925fb0000 - 0x00007ff926338000 	C:\windows\System32\combase.dll
0x00007ff925090000 - 0x00007ff925167000 	C:\windows\System32\OLEAUT32.dll
0x00007ff9078a0000 - 0x00007ff9078d2000 	C:\windows\SYSTEM32\dbgcore.DLL
0x00007ff9249c0000 - 0x00007ff924a39000 	C:\windows\System32\bcryptPrimitives.dll
0x00007ff8fa460000 - 0x00007ff8fa485000 	D:\Android\jbr\bin\java.dll
0x00007ff8f2270000 - 0x00007ff8f2288000 	D:\Android\jbr\bin\zip.dll
0x00007ff9252b0000 - 0x00007ff925b0c000 	C:\windows\System32\SHELL32.dll
0x00007ff921fd0000 - 0x00007ff9228c6000 	C:\windows\SYSTEM32\windows.storage.dll
0x00007ff921e90000 - 0x00007ff921fce000 	C:\windows\SYSTEM32\wintypes.dll
0x00007ff924b90000 - 0x00007ff924c85000 	C:\windows\System32\SHCORE.dll
0x00007ff926d10000 - 0x00007ff926d6e000 	C:\windows\System32\shlwapi.dll
0x00007ff924000000 - 0x00007ff924021000 	C:\windows\SYSTEM32\profapi.dll
0x00007ff8e92d0000 - 0x00007ff8e92e9000 	D:\Android\jbr\bin\net.dll
0x00007ff91de10000 - 0x00007ff91df46000 	C:\windows\SYSTEM32\WINHTTP.dll
0x00007ff923560000 - 0x00007ff9235c9000 	C:\windows\system32\mswsock.dll
0x00007ff8e79e0000 - 0x00007ff8e79f6000 	D:\Android\jbr\bin\nio.dll
0x00007ff900ae0000 - 0x00007ff900af0000 	D:\Android\jbr\bin\verify.dll

dbghelp: loaded successfully - version: 4.0.5 - missing functions: none
symbol engine: initialized successfully - sym options: 0x614 - pdb path: .;D:\Android\jbr\bin;C:\windows\SYSTEM32;C:\windows\WinSxS\amd64_microsoft.windows.common-controls_6595b64144ccf1df_6.0.22621.3527_none_270e469b73872a76;D:\Android\jbr\bin\server

VM Arguments:
java_command: org.jetbrains.kotlin.cli.jvm.K2JVMCompiler @D:\Driver\app\build\20240610_10606016621869566557.compiler.options
java_class_path (initial): D:\LoginSignUpKotlin-master\caches\modules-2\files-2.1\org.jetbrains.kotlin\kotlin-compiler-embeddable\1.9.22\9cd4dc7773cf2a99ecd961a88fbbc9a2da3fb5e1\kotlin-compiler-embeddable-1.9.22.jar;D:\LoginSignUpKotlin-master\caches\modules-2\files-2.1\org.jetbrains.kotlin\kotlin-stdlib\1.9.22\d6c44cd08d8f3f9bece8101216dbe6553365c6e3\kotlin-stdlib-1.9.22.jar;D:\LoginSignUpKotlin-master\caches\modules-2\files-2.1\org.jetbrains.kotlin\kotlin-script-runtime\1.9.22\f8139a46fc677ec9badc49ae954392f4f5e7e7c7\kotlin-script-runtime-1.9.22.jar;D:\LoginSignUpKotlin-master\caches\modules-2\files-2.1\org.jetbrains.kotlin\kotlin-reflect\1.6.10\1cbe9c92c12a94eea200d23c2bbaedaf3daf5132\kotlin-reflect-1.6.10.jar;D:\LoginSignUpKotlin-master\caches\modules-2\files-2.1\org.jetbrains.kotlin\kotlin-daemon-embeddable\1.9.22\20e2c5df715f3240c765cfc222530e2796542021\kotlin-daemon-embeddable-1.9.22.jar;D:\LoginSignUpKotlin-master\caches\modules-2\files-2.1\org.jetbrains.intellij.deps\trove4j\1.0.20200330\3afb14d5f9ceb459d724e907a21145e8ff394f02\trove4j-1.0.20200330.jar;D:\LoginSignUpKotlin-master\caches\modules-2\files-2.1\org.jetbrains\annotations\13.0\919f0dfe192fb4e063e7dacadee7f8bb9a2672a9\annotations-13.0.jar
Launcher Type: SUN_STANDARD

[Global flags]
     intx CICompilerCount                          = 4                                         {product} {ergonomic}
     uint ConcGCThreads                            = 3                                         {product} {ergonomic}
     uint G1ConcRefinementThreads                  = 10                                        {product} {ergonomic}
   size_t G1HeapRegionSize                         = 2097152                                   {product} {ergonomic}
    uintx GCDrainStackTargetSize                   = 64                                        {product} {ergonomic}
   size_t InitialHeapSize                          = 257949696                                 {product} {ergonomic}
   size_t MarkStackSize                            = 4194304                                   {product} {ergonomic}
   size_t MaxHeapSize                              = 4114612224                                {product} {ergonomic}
   size_t MaxNewSize                               = 2468347904                                {product} {ergonomic}
   size_t MinHeapDeltaBytes                        = 2097152                                   {product} {ergonomic}
   size_t MinHeapSize                              = 8388608                                   {product} {ergonomic}
    uintx NonNMethodCodeHeapSize                   = 5839372                                {pd product} {ergonomic}
    uintx NonProfiledCodeHeapSize                  = 122909434                              {pd product} {ergonomic}
    uintx ProfiledCodeHeapSize                     = 122909434                              {pd product} {ergonomic}
    uintx ReservedCodeCacheSize                    = 251658240                              {pd product} {ergonomic}
     bool SegmentedCodeCache                       = true                                      {product} {ergonomic}
   size_t SoftMaxHeapSize                          = 4114612224                             {manageable} {ergonomic}
     bool UseCompressedClassPointers               = true                           {product lp64_product} {ergonomic}
     bool UseCompressedOops                        = true                           {product lp64_product} {ergonomic}
     bool UseG1GC                                  = true                                      {product} {ergonomic}
     bool UseLargePagesIndividualAllocation        = false                                  {pd product} {ergonomic}

Logging:
Log output configuration:
 #0: stdout all=warning uptime,level,tags
 #1: stderr all=off uptime,level,tags

Environment Variables:
PATH=C:\windows\system32;C:\windows;C:\windows\System32\Wbem;C:\windows\System32\WindowsPowerShell\v1.0\;C:\windows\System32\OpenSSH\;C:\Program Files\Git\cmd;C:\Users\Muthu\AppData\Local\Microsoft\WindowsApps;
USERNAME=Muthu
OS=Windows_NT
PROCESSOR_IDENTIFIER=AMD64 Family 23 Model 104 Stepping 1, AuthenticAMD
TMP=C:\Users\Muthu\AppData\Local\Temp
TEMP=C:\Users\Muthu\AppData\Local\Temp



Periodic native trim disabled

JNI global refs:
JNI global refs: 13, weak refs: 17

JNI global refs memory usage: 843, weak refs: 841

OOME stack traces (most recent first):
Classloader memory used:
Loader jdk.internal.loader.ClassLoaders$AppClassLoader                                 : 9090K
Loader bootstrap                                                                       : 1380K
Loader jdk.internal.reflect.DelegatingClassLoader                                      : 14119B


---------------  S Y S T E M  ---------------

OS:
 Windows 11 , 64 bit Build 22621 (10.0.22621.3527)
OS uptime: 6 days 6:51 hours
Hyper-V role detected

CPU: total 12 (initial active 12) (12 cores per cpu, 2 threads per core) family 23 model 104 stepping 1 microcode 0x0, cx8, cmov, fxsr, ht, mmx, 3dnowpref, sse, sse2, sse3, ssse3, sse4a, sse4.1, sse4.2, popcnt, lzcnt, tsc, tscinvbit, avx, avx2, aes, clmul, bmi1, bmi2, adx, sha, fma, vzeroupper, clflush, clflushopt, hv
Processor Information for processor 0
  Max Mhz: 2100, Current Mhz: 2100, Mhz Limit: 2100
Processor Information for processor 1
  Max Mhz: 2100, Current Mhz: 1813, Mhz Limit: 2100
Processor Information for processor 2
  Max Mhz: 2100, Current Mhz: 2100, Mhz Limit: 2100
Processor Information for processor 3
  Max Mhz: 2100, Current Mhz: 1813, Mhz Limit: 2100
Processor Information for processor 4
  Max Mhz: 2100, Current Mhz: 2100, Mhz Limit: 2100
Processor Information for processor 5
  Max Mhz: 2100, Current Mhz: 2100, Mhz Limit: 2100
Processor Information for processor 6
  Max Mhz: 2100, Current Mhz: 2100, Mhz Limit: 2100
Processor Information for processor 7
  Max Mhz: 2100, Current Mhz: 1813, Mhz Limit: 2100
Processor Information for processor 8
  Max Mhz: 2100, Current Mhz: 1813, Mhz Limit: 2100
Processor Information for processor 9
  Max Mhz: 2100, Current Mhz: 1813, Mhz Limit: 2100
Processor Information for processor 10
  Max Mhz: 2100, Current Mhz: 1813, Mhz Limit: 2100
Processor Information for processor 11
  Max Mhz: 2100, Current Mhz: 1813, Mhz Limit: 2100

Memory: 4k page, system-wide physical 15694M (2053M free)
TotalPageFile size 17742M (AvailPageFile size 9M)
current process WorkingSet (physical memory assigned to process): 416M, peak: 418M
current process commit charge ("private bytes"): 455M, peak: 460M

vm_info: OpenJDK 64-Bit Server VM (17.0.9+0--11185874) for windows-amd64 JRE (17.0.9+0--11185874), built on Dec  6 2023 18:57:44 by "androidbuild" with MS VC++ 16.10 / 16.11 (VS2019)

END.
