#
# There is insufficient memory for the Java Runtime Environment to continue.
# Native memory allocation (mmap) failed to map 257949696 bytes for G1 virtual space
# Possible reasons:
#   The system is out of physical RAM or swap space
#   The process is running with CompressedOops enabled, and the Java Heap may be blocking the growth of the native heap
# Possible solutions:
#   Reduce memory load on the system
#   Increase physical memory or swap space
#   Check if swap backing store is full
#   Decrease Java heap size (-Xmx/-Xms)
#   Decrease number of Java threads
#   Decrease Java thread stack sizes (-Xss)
#   Set larger code cache with -XX:ReservedCodeCacheSize=
#   JVM is running with Zero Based Compressed Oops mode in which the Java heap is
#     placed in the first 32GB address space. The Java Heap base address is the
#     maximum limit for the native heap growth. Please use -XX:HeapBaseMinAddress
#     to set the Java Heap base and to place the Java Heap above 32GB virtual address.
# This output file may be truncated or incomplete.
#
#  Out of Memory Error (os_windows.cpp:3825), pid=15536, tid=8204
#
# JRE version:  (17.0.9) (build )
# Java VM: OpenJDK 64-Bit Server VM (17.0.9+0--11185874, mixed mode, sharing, tiered, compressed oops, compressed class ptrs, g1 gc, windows-amd64)
# No core dump will be written. Minidumps are not enabled by default on client versions of Windows
#

---------------  S U M M A R Y ------------

Command Line: org.jetbrains.kotlin.cli.jvm.K2JVMCompiler @D:\Driver\app\build\20240319_4355055741447615269.compiler.options

Host: AMD Ryzen 5 5500U with Radeon Graphics         , 12 cores, 15G,  Windows 11 , 64 bit Build 22621 (10.0.22621.3235)
Time: Tue Mar 19 15:03:36 2024 India Standard Time elapsed time: 0.011036 seconds (0d 0h 0m 0s)

---------------  T H R E A D  ---------------

Current thread (0x00000289d02566c0):  JavaThread "Unknown thread" [_thread_in_vm, id=8204, stack(0x0000009b38b00000,0x0000009b38c00000)]

Stack: [0x0000009b38b00000,0x0000009b38c00000]
Native frames: (J=compiled Java code, j=interpreted, Vv=VM code, C=native code)
V  [jvm.dll+0x6886e9]
V  [jvm.dll+0x841e4a]
V  [jvm.dll+0x843a8e]
V  [jvm.dll+0x8440f3]
V  [jvm.dll+0x24c14f]
V  [jvm.dll+0x685499]
V  [jvm.dll+0x679c2a]
V  [jvm.dll+0x30cf9b]
V  [jvm.dll+0x314446]
V  [jvm.dll+0x36425e]
V  [jvm.dll+0x36448f]
V  [jvm.dll+0x2e2d68]
V  [jvm.dll+0x2e3cd4]
V  [jvm.dll+0x8129f1]
V  [jvm.dll+0x3720c1]
V  [jvm.dll+0x7f152c]
V  [jvm.dll+0x3f5d4f]
V  [jvm.dll+0x3f7981]
C  [jli.dll+0x528f]
C  [ucrtbase.dll+0x29363]
C  [KERNEL32.DLL+0x1257d]
C  [ntdll.dll+0x5aa58]


---------------  P R O C E S S  ---------------

Threads class SMR info:
_java_thread_list=0x00007ff99dd3ef18, length=0, elements={
}

Java Threads: ( => current thread )

Other Threads:
  0x00000289d02c1e00 GCTaskThread "GC Thread#0" [stack: 0x0000009b38c00000,0x0000009b38d00000] [id=12860]
  0x00000289d02d2300 ConcurrentGCThread "G1 Main Marker" [stack: 0x0000009b38d00000,0x0000009b38e00000] [id=8872]
  0x00000289d02d2d20 ConcurrentGCThread "G1 Conc#0" [stack: 0x0000009b38e00000,0x0000009b38f00000] [id=17816]

[error occurred during error reporting (printing all threads), id 0xc0000005, EXCEPTION_ACCESS_VIOLATION (0xc0000005) at pc=0x00007ff99d4f3937]

VM state: not at safepoint (not fully initialized)

VM Mutex/Monitor currently owned by a thread:  ([mutex/lock_event])
[0x00000289d0251ec0] Heap_lock - owner thread: 0x00000289d02566c0

Heap address: 0x000000070ac00000, size: 3924 MB, Compressed Oops mode: Zero based, Oop shift amount: 3

CDS archive(s) mapped at: [0x0000000000000000-0x0000000000000000-0x0000000000000000), size 0, SharedBaseAddress: 0x0000000800000000, ArchiveRelocationMode: 1.
Narrow klass base: 0x0000000000000000, Narrow klass shift: 0, Narrow klass range: 0x0

GC Precious Log:
<Empty>

Heap:
 garbage-first heap   total 0K, used 0K [0x000000070ac00000, 0x0000000800000000)
  region size 2048K, 0 young (0K), 0 survivors (0K)
 Metaspace       used 0K, committed 0K, reserved 0K
  class space    used 0K, committed 0K, reserved 0K

Heap Regions: E=young(eden), S=young(survivor), O=old, HS=humongous(starts), HC=humongous(continues), CS=collection set, F=free, OA=open archive, CA=closed archive, TAMS=top-at-mark-start (previous, next)

Card table byte_map: [0x00000289e3430000,0x00000289e3be0000] _byte_map_base: 0x00000289dfbda000

Marking Bits (Prev, Next): (CMBitMap*) 0x00000289d02c2420, (CMBitMap*) 0x00000289d02c2460
 Prev Bits: [0x00000289e4390000, 0x00000289e80e0000)
 Next Bits: [0x00000289e80e0000, 0x00000289ebe30000)

GC Heap History (0 events):
No events

Dll operation events (1 events):
Event: 0.007 Loaded shared library D:\Android\jbr\bin\java.dll

Deoptimization events (0 events):
No events

Classes unloaded (0 events):
No events

Classes redefined (0 events):
No events

Internal exceptions (0 events):
No events

VM Operations (0 events):
No events

Events (0 events):
No events


Dynamic libraries:
0x00007ff6194e0000 - 0x00007ff6194ea000 	D:\Android\jbr\bin\java.exe
0x00007ffa1d0b0000 - 0x00007ffa1d2c6000 	C:\windows\SYSTEM32\ntdll.dll
0x00007ffa1c140000 - 0x00007ffa1c204000 	C:\windows\System32\KERNEL32.DLL
0x00007ffa1a5c0000 - 0x00007ffa1a966000 	C:\windows\System32\KERNELBASE.dll
0x00007ffa1ace0000 - 0x00007ffa1adf1000 	C:\windows\System32\ucrtbase.dll
0x00007ff9c7900000 - 0x00007ff9c791b000 	D:\Android\jbr\bin\VCRUNTIME140.dll
0x00007ff9fb3a0000 - 0x00007ff9fb3b7000 	D:\Android\jbr\bin\jli.dll
0x00007ffa1ae00000 - 0x00007ffa1afad000 	C:\windows\System32\USER32.dll
0x00007ffa1abf0000 - 0x00007ffa1ac16000 	C:\windows\System32\win32u.dll
0x00007ffa02d60000 - 0x00007ffa02ff3000 	C:\windows\WinSxS\amd64_microsoft.windows.common-controls_6595b64144ccf1df_6.0.22621.3235_none_270f74e173860f98\COMCTL32.dll
0x00007ffa1d040000 - 0x00007ffa1d069000 	C:\windows\System32\GDI32.dll
0x00007ffa1c2e0000 - 0x00007ffa1c387000 	C:\windows\System32\msvcrt.dll
0x00007ffa1a4a0000 - 0x00007ffa1a5b8000 	C:\windows\System32\gdi32full.dll
0x00007ffa1a970000 - 0x00007ffa1aa0a000 	C:\windows\System32\msvcp_win.dll
0x00007ffa1cb10000 - 0x00007ffa1cb41000 	C:\windows\System32\IMM32.DLL
0x00007ffa0a8f0000 - 0x00007ffa0a8fc000 	D:\Android\jbr\bin\vcruntime140_1.dll
0x00007ff9c7330000 - 0x00007ff9c73bd000 	D:\Android\jbr\bin\msvcp140.dll
0x00007ff99d200000 - 0x00007ff99de83000 	D:\Android\jbr\bin\server\jvm.dll
0x00007ffa1c220000 - 0x00007ffa1c2d2000 	C:\windows\System32\ADVAPI32.dll
0x00007ffa1bf30000 - 0x00007ffa1bfd8000 	C:\windows\System32\sechost.dll
0x00007ffa1a3f0000 - 0x00007ffa1a418000 	C:\windows\System32\bcrypt.dll
0x00007ffa1c9f0000 - 0x00007ffa1cb05000 	C:\windows\System32\RPCRT4.dll
0x00007ffa129f0000 - 0x00007ffa129f9000 	C:\windows\SYSTEM32\WSOCK32.dll
0x00007ffa12a10000 - 0x00007ffa12a44000 	C:\windows\SYSTEM32\WINMM.dll
0x00007ffa19c70000 - 0x00007ffa19cbd000 	C:\windows\SYSTEM32\POWRPROF.dll
0x00007ffa1c5e0000 - 0x00007ffa1c651000 	C:\windows\System32\WS2_32.dll
0x00007ffa119b0000 - 0x00007ffa119ba000 	C:\windows\SYSTEM32\VERSION.dll
0x00007ffa19c50000 - 0x00007ffa19c63000 	C:\windows\SYSTEM32\UMPDC.dll
0x00007ffa19430000 - 0x00007ffa19448000 	C:\windows\SYSTEM32\kernel.appcore.dll
0x00007ffa129e0000 - 0x00007ffa129ea000 	D:\Android\jbr\bin\jimage.dll
0x00007ffa0bbc0000 - 0x00007ffa0bdf3000 	C:\windows\SYSTEM32\DBGHELP.DLL
0x00007ffa1c660000 - 0x00007ffa1c9e8000 	C:\windows\System32\combase.dll
0x00007ffa1bc20000 - 0x00007ffa1bcf7000 	C:\windows\System32\OLEAUT32.dll
0x00007ffa0b7e0000 - 0x00007ffa0b812000 	C:\windows\SYSTEM32\dbgcore.DLL
0x00007ffa1a420000 - 0x00007ffa1a49a000 	C:\windows\System32\bcryptPrimitives.dll
0x00007ff9ee300000 - 0x00007ff9ee325000 	D:\Android\jbr\bin\java.dll

dbghelp: loaded successfully - version: 4.0.5 - missing functions: none
symbol engine: initialized successfully - sym options: 0x614 - pdb path: .;D:\Android\jbr\bin;C:\windows\SYSTEM32;C:\windows\WinSxS\amd64_microsoft.windows.common-controls_6595b64144ccf1df_6.0.22621.3235_none_270f74e173860f98;D:\Android\jbr\bin\server

VM Arguments:
java_command: org.jetbrains.kotlin.cli.jvm.K2JVMCompiler @D:\Driver\app\build\20240319_4355055741447615269.compiler.options
java_class_path (initial): D:\LoginSignUpKotlin-master\caches\modules-2\files-2.1\org.jetbrains.kotlin\kotlin-compiler-embeddable\1.9.22\9cd4dc7773cf2a99ecd961a88fbbc9a2da3fb5e1\kotlin-compiler-embeddable-1.9.22.jar;D:\LoginSignUpKotlin-master\caches\modules-2\files-2.1\org.jetbrains.kotlin\kotlin-stdlib\1.9.22\d6c44cd08d8f3f9bece8101216dbe6553365c6e3\kotlin-stdlib-1.9.22.jar;D:\LoginSignUpKotlin-master\caches\modules-2\files-2.1\org.jetbrains.kotlin\kotlin-script-runtime\1.9.22\f8139a46fc677ec9badc49ae954392f4f5e7e7c7\kotlin-script-runtime-1.9.22.jar;D:\LoginSignUpKotlin-master\caches\modules-2\files-2.1\org.jetbrains.kotlin\kotlin-reflect\1.6.10\1cbe9c92c12a94eea200d23c2bbaedaf3daf5132\kotlin-reflect-1.6.10.jar;D:\LoginSignUpKotlin-master\caches\modules-2\files-2.1\org.jetbrains.kotlin\kotlin-daemon-embeddable\1.9.22\20e2c5df715f3240c765cfc222530e2796542021\kotlin-daemon-embeddable-1.9.22.jar;D:\LoginSignUpKotlin-master\caches\modules-2\files-2.1\org.jetbrains.intellij.deps\trove4j\1.0.20200330\3afb14d5f9ceb459d724e907a21145e8ff394f02\trove4j-1.0.20200330.jar;D:\LoginSignUpKotlin-master\caches\modules-2\files-2.1\org.jetbrains\annotations\13.0\919f0dfe192fb4e063e7dacadee7f8bb9a2672a9\annotations-13.0.jar
Launcher Type: SUN_STANDARD

[Global flags]
     intx CICompilerCount                          = 4                                         {product} {ergonomic}
     uint ConcGCThreads                            = 3                                         {product} {ergonomic}
     uint G1ConcRefinementThreads                  = 10                                        {product} {ergonomic}
   size_t G1HeapRegionSize                         = 2097152                                   {product} {ergonomic}
    uintx GCDrainStackTargetSize                   = 64                                        {product} {ergonomic}
   size_t InitialHeapSize                          = 257949696                                 {product} {ergonomic}
   size_t MarkStackSize                            = 4194304                                   {product} {ergonomic}
   size_t MaxHeapSize                              = 4114612224                                {product} {ergonomic}
   size_t MinHeapDeltaBytes                        = 2097152                                   {product} {ergonomic}
   size_t MinHeapSize                              = 8388608                                   {product} {ergonomic}
    uintx NonNMethodCodeHeapSize                   = 5839372                                {pd product} {ergonomic}
    uintx NonProfiledCodeHeapSize                  = 122909434                              {pd product} {ergonomic}
    uintx ProfiledCodeHeapSize                     = 122909434                              {pd product} {ergonomic}
    uintx ReservedCodeCacheSize                    = 251658240                              {pd product} {ergonomic}
     bool SegmentedCodeCache                       = true                                      {product} {ergonomic}
   size_t SoftMaxHeapSize                          = 4114612224                             {manageable} {ergonomic}
     bool UseCompressedClassPointers               = true                           {product lp64_product} {ergonomic}
     bool UseCompressedOops                        = true                           {product lp64_product} {ergonomic}
     bool UseG1GC                                  = true                                      {product} {ergonomic}
     bool UseLargePagesIndividualAllocation        = false                                  {pd product} {ergonomic}

Logging:
Log output configuration:
 #0: stdout all=warning uptime,level,tags
 #1: stderr all=off uptime,level,tags

Environment Variables:
PATH=C:\windows\system32;C:\windows;C:\windows\System32\Wbem;C:\windows\System32\WindowsPowerShell\v1.0\;C:\windows\System32\OpenSSH\;C:\Program Files\Git\cmd;C:\Users\Muthu\AppData\Local\Microsoft\WindowsApps;
USERNAME=Muthu
OS=Windows_NT
PROCESSOR_IDENTIFIER=AMD64 Family 23 Model 104 Stepping 1, AuthenticAMD
TMP=C:\Users\Muthu\AppData\Local\Temp
TEMP=C:\Users\Muthu\AppData\Local\Temp



Periodic native trim disabled

JNI global refs:
JNI global refs: 0, weak refs: 0

JNI global refs memory usage: 0, weak refs: 0

OOME stack traces (most recent first):
Classloader memory used:


---------------  S Y S T E M  ---------------

OS:
 Windows 11 , 64 bit Build 22621 (10.0.22621.3235)
OS uptime: 4 days 4:26 hours
Hyper-V role detected

CPU: total 12 (initial active 12) (12 cores per cpu, 2 threads per core) family 23 model 104 stepping 1 microcode 0x0, cx8, cmov, fxsr, ht, mmx, 3dnowpref, sse, sse2, sse3, ssse3, sse4a, sse4.1, sse4.2, popcnt, lzcnt, tsc, tscinvbit, avx, avx2, aes, clmul, bmi1, bmi2, adx, sha, fma, vzeroupper, clflush, clflushopt, hv
Processor Information for processor 0
  Max Mhz: 2100, Current Mhz: 2100, Mhz Limit: 2100
Processor Information for processor 1
  Max Mhz: 2100, Current Mhz: 1813, Mhz Limit: 2100
Processor Information for processor 2
  Max Mhz: 2100, Current Mhz: 2100, Mhz Limit: 2100
Processor Information for processor 3
  Max Mhz: 2100, Current Mhz: 1813, Mhz Limit: 2100
Processor Information for processor 4
  Max Mhz: 2100, Current Mhz: 2100, Mhz Limit: 2100
Processor Information for processor 5
  Max Mhz: 2100, Current Mhz: 1813, Mhz Limit: 2100
Processor Information for processor 6
  Max Mhz: 2100, Current Mhz: 1813, Mhz Limit: 2100
Processor Information for processor 7
  Max Mhz: 2100, Current Mhz: 2100, Mhz Limit: 2100
Processor Information for processor 8
  Max Mhz: 2100, Current Mhz: 2100, Mhz Limit: 2100
Processor Information for processor 9
  Max Mhz: 2100, Current Mhz: 1813, Mhz Limit: 2100
Processor Information for processor 10
  Max Mhz: 2100, Current Mhz: 2100, Mhz Limit: 2100
Processor Information for processor 11
  Max Mhz: 2100, Current Mhz: 2100, Mhz Limit: 2100

Memory: 4k page, system-wide physical 15694M (2595M free)
TotalPageFile size 17709M (AvailPageFile size 154M)
current process WorkingSet (physical memory assigned to process): 11M, peak: 11M
current process commit charge ("private bytes"): 64M, peak: 310M

vm_info: OpenJDK 64-Bit Server VM (17.0.9+0--11185874) for windows-amd64 JRE (17.0.9+0--11185874), built on Dec  6 2023 18:57:44 by "androidbuild" with MS VC++ 16.10 / 16.11 (VS2019)

END.
